<?xml version="1.0" encoding="UTF-8"?>
<!-- Generated by org.testng.reporters.JUnitXMLReporter -->
<testsuite ignored="0" hostname="DESKTOP-RNBKFSM" failures="0" tests="6" name="Default test" time="6.116" errors="0" timestamp="2023-05-27T14:21:27 WAT">
  <testcase classname="myDemo.DynamicJson" name="addBook" time="2.528"/>
  <testcase classname="myDemo.DynamicJson" name="addBook" time="0.704"/>
  <testcase classname="myDemo.DynamicJson" name="addBook" time="0.687"/>
  <testcase classname="myDemo.DynamicJson" name="deleteBook" time="0.829"/>
  <testcase classname="myDemo.DynamicJson" name="deleteBook" time="0.695"/>
  <testcase classname="myDemo.DynamicJson" name="deleteBook" time="0.617"/>
</testsuite> <!-- Default test -->
