<?xml version="1.0" encoding="UTF-8"?>
<testng-results ignored="0" total="6" passed="6" failed="0" skipped="0">
  <reporter-output>
  </reporter-output>
  <suite started-at="2023-05-27T14:21:21 WAT" name="Default suite" finished-at="2023-05-27T14:21:27 WAT" duration-ms="6116">
    <groups>
    </groups>
    <test started-at="2023-05-27T14:21:21 WAT" name="Default test" finished-at="2023-05-27T14:21:27 WAT" duration-ms="6116">
      <class name="myDemo.DynamicJson">
        <test-method signature="addBook(java.lang.String,java.lang.String)[pri:0, instance:myDemo.DynamicJson@4351c8c3]" started-at="2023-05-27T14:21:21 WAT" name="addBook" data-provider="booksData" finished-at="2023-05-27T14:21:24 WAT" duration-ms="2528" status="PASS">
          <params>
            <param index="0">
              <value>
                <![CDATA[rdd]]>
              </value>
            </param>
            <param index="1">
              <value>
                <![CDATA[643]]>
              </value>
            </param>
          </params>
          <reporter-output>
          </reporter-output>
        </test-method> <!-- addBook -->
        <test-method signature="addBook(java.lang.String,java.lang.String)[pri:0, instance:myDemo.DynamicJson@4351c8c3]" started-at="2023-05-27T14:21:24 WAT" name="addBook" data-provider="booksData" finished-at="2023-05-27T14:21:24 WAT" duration-ms="704" status="PASS">
          <params>
            <param index="0">
              <value>
                <![CDATA[wfa]]>
              </value>
            </param>
            <param index="1">
              <value>
                <![CDATA[731]]>
              </value>
            </param>
          </params>
          <reporter-output>
          </reporter-output>
        </test-method> <!-- addBook -->
        <test-method signature="addBook(java.lang.String,java.lang.String)[pri:0, instance:myDemo.DynamicJson@4351c8c3]" started-at="2023-05-27T14:21:24 WAT" name="addBook" data-provider="booksData" finished-at="2023-05-27T14:21:25 WAT" duration-ms="687" status="PASS">
          <params>
            <param index="0">
              <value>
                <![CDATA[pwt]]>
              </value>
            </param>
            <param index="1">
              <value>
                <![CDATA[459]]>
              </value>
            </param>
          </params>
          <reporter-output>
          </reporter-output>
        </test-method> <!-- addBook -->
        <test-method signature="deleteBook(java.lang.String,java.lang.String)[pri:0, instance:myDemo.DynamicJson@4351c8c3]" started-at="2023-05-27T14:21:25 WAT" name="deleteBook" data-provider="booksData" finished-at="2023-05-27T14:21:26 WAT" duration-ms="829" status="PASS">
          <params>
            <param index="0">
              <value>
                <![CDATA[rdd]]>
              </value>
            </param>
            <param index="1">
              <value>
                <![CDATA[643]]>
              </value>
            </param>
          </params>
          <reporter-output>
          </reporter-output>
        </test-method> <!-- deleteBook -->
        <test-method signature="deleteBook(java.lang.String,java.lang.String)[pri:0, instance:myDemo.DynamicJson@4351c8c3]" started-at="2023-05-27T14:21:26 WAT" name="deleteBook" data-provider="booksData" finished-at="2023-05-27T14:21:27 WAT" duration-ms="695" status="PASS">
          <params>
            <param index="0">
              <value>
                <![CDATA[wfa]]>
              </value>
            </param>
            <param index="1">
              <value>
                <![CDATA[731]]>
              </value>
            </param>
          </params>
          <reporter-output>
          </reporter-output>
        </test-method> <!-- deleteBook -->
        <test-method signature="deleteBook(java.lang.String,java.lang.String)[pri:0, instance:myDemo.DynamicJson@4351c8c3]" started-at="2023-05-27T14:21:27 WAT" name="deleteBook" data-provider="booksData" finished-at="2023-05-27T14:21:27 WAT" duration-ms="617" status="PASS">
          <params>
            <param index="0">
              <value>
                <![CDATA[pwt]]>
              </value>
            </param>
            <param index="1">
              <value>
                <![CDATA[459]]>
              </value>
            </param>
          </params>
          <reporter-output>
          </reporter-output>
        </test-method> <!-- deleteBook -->
      </class> <!-- myDemo.DynamicJson -->
    </test> <!-- Default test -->
  </suite> <!-- Default suite -->
</testng-results>
